#
# There is insufficient memory for the Java Runtime Environment to continue.
# Native memory allocation (mmap) failed to map 234881024 bytes for G1 virtual space
# Possible reasons:
#   The system is out of physical RAM or swap space
#   The process is running with CompressedOops enabled, and the Java Heap may be blocking the growth of the native heap
# Possible solutions:
#   Reduce memory load on the system
#   Increase physical memory or swap space
#   Check if swap backing store is full
#   Decrease Java heap size (-Xmx/-Xms)
#   Decrease number of Java threads
#   Decrease Java thread stack sizes (-Xss)
#   Set larger code cache with -XX:ReservedCodeCacheSize=
#   JVM is running with Zero Based Compressed Oops mode in which the Java heap is
#     placed in the first 32GB address space. The Java Heap base address is the
#     maximum limit for the native heap growth. Please use -XX:HeapBaseMinAddress
#     to set the Java Heap base and to place the Java Heap above 32GB virtual address.
# This output file may be truncated or incomplete.
#
#  Out of Memory Error (./open/src/hotspot/os/windows/os_windows.cpp:3321), pid=31344, tid=21728
#
# JRE version:  (15.0.2+7) (build )
# Java VM: OpenJDK 64-Bit Server VM (15.0.2+7-27, mixed mode, sharing, tiered, compressed oops, g1 gc, windows-amd64)
# No core dump will be written. Minidumps are not enabled by default on client versions of Windows
#

---------------  S U M M A R Y ------------

Command Line: -Dfile.encoding=Cp1252 -XX:+ShowCodeDetailsInExceptionMessages olimpiadas.GestorDeportistaNuevo

Host: AMD Ryzen 5 3500U with Radeon Vega Mobile Gfx  , 8 cores, 13G,  Windows 10 , 64 bit Build 22000 (10.0.22000.282)
Time: Tue Nov  2 20:46:46 2021 Hora estándar de Argentina elapsed time: 0.021139 seconds (0d 0h 0m 0s)

---------------  T H R E A D  ---------------

Current thread (0x0000024e9c091810):  JavaThread "Unknown thread" [_thread_in_vm, id=21728, stack(0x000000b7ee800000,0x000000b7ee900000)]

Stack: [0x000000b7ee800000,0x000000b7ee900000]
Native frames: (J=compiled Java code, j=interpreted, Vv=VM code, C=native code)
V  [jvm.dll+0x62ae9a]
V  [jvm.dll+0x7817a9]
V  [jvm.dll+0x782f03]
V  [jvm.dll+0x783563]
V  [jvm.dll+0x216325]
V  [jvm.dll+0x6281d9]
V  [jvm.dll+0x61cf55]
V  [jvm.dll+0x2cffdd]
V  [jvm.dll+0x2cfe42]
V  [jvm.dll+0x2d5e1c]
V  [jvm.dll+0x32590a]
V  [jvm.dll+0x324fd4]
V  [jvm.dll+0x2a6f5a]
V  [jvm.dll+0x2a80f8]
V  [jvm.dll+0x75e241]
V  [jvm.dll+0x3341c4]
V  [jvm.dll+0x73e926]
V  [jvm.dll+0x3b7557]
V  [jvm.dll+0x3b8fe1]
C  [jli.dll+0x52fb]
C  [ucrtbase.dll+0x26c0c]
C  [KERNEL32.DLL+0x154e0]
C  [ntdll.dll+0x485b]


---------------  P R O C E S S  ---------------

Threads class SMR info:
_java_thread_list=0x00007ffb1d0d4ff0, length=0, elements={
}

Java Threads: ( => current thread )

Other Threads:
  0x0000024e9c0dbc20 GCTaskThread "GC Thread#0" [stack: 0x000000b7ee900000,0x000000b7eea00000] [id=25120]
  0x0000024e9c0eb550 ConcurrentGCThread "G1 Main Marker" [stack: 0x000000b7eea00000,0x000000b7eeb00000] [id=10728]
  0x0000024e9c0ed150 ConcurrentGCThread "G1 Conc#0" [stack: 0x000000b7eeb00000,0x000000b7eec00000] [id=32636]

[error occurred during error reporting (printing all threads), id 0xc0000005, EXCEPTION_ACCESS_VIOLATION (0xc0000005) at pc=0x00007ffb1c8c7e27]

VM state: not at safepoint (not fully initialized)

VM Mutex/Monitor currently owned by a thread:  ([mutex/lock_event])
[0x0000024e9c08cd70] Heap_lock - owner thread: 0x0000024e9c091810

Heap address: 0x0000000721400000, size: 3564 MB, Compressed Oops mode: Zero based, Oop shift amount: 3
CDS archive(s) mapped at: [0x0000000000000000-0x0000000000000000-0x0000000000000000), size 0, SharedBaseAddress: 0x0000000800000000, ArchiveRelocationMode: 0.
Narrow klass base: 0x0000000000000000, Narrow klass shift: 0, Narrow klass range: 0x0

Heap:
 garbage-first heap   total 229376K, used 0K [0x0000000721400000, 0x0000000800000000)
  region size 2048K, 0 young (0K), 0 survivors (0K)
 Metaspace       used 0K, capacity 0K, committed 0K, reserved 0K
  class space    used 0K, capacity 0K, committed 0K, reserved 0K

Heap Regions: E=young(eden), S=young(survivor), O=old, HS=humongous(starts), HC=humongous(continues), CS=collection set, F=free, OA=open archive, CA=closed archive, TAMS=top-at-mark-start (previous, next)

Card table byte_map: [0x0000024eb1410000,0x0000024eb1b10000] _byte_map_base: 0x0000024eadb06000

Marking Bits (Prev, Next): (CMBitMap*) 0x0000024e9c0dc490, (CMBitMap*) 0x0000024e9c0dc4d0
 Prev Bits: [0x0000024eb2210000, 0x0000024eb59c0000)
 Next Bits: [0x0000024eb59c0000, 0x0000024eb9170000)

GC Heap History (0 events):
No events

Deoptimization events (0 events):
No events

Classes unloaded (0 events):
No events

Classes redefined (0 events):
No events

Internal exceptions (0 events):
No events

Events (1 events):
Event: 0.011 Loaded shared library C:\Users\Lautaro\.p2\pool\plugins\org.eclipse.justj.openjdk.hotspot.jre.full.win32.x86_64_15.0.2.v20210201-0955\jre\bin\java.dll


Dynamic libraries:
0x00007ff6831e0000 - 0x00007ff6831ed000 	C:\Users\Lautaro\.p2\pool\plugins\org.eclipse.justj.openjdk.hotspot.jre.full.win32.x86_64_15.0.2.v20210201-0955\jre\bin\javaw.exe
0x00007ffbbb8e0000 - 0x00007ffbbbae7000 	C:\WINDOWS\SYSTEM32\ntdll.dll
0x00007ffbbaf30000 - 0x00007ffbbafed000 	C:\WINDOWS\System32\KERNEL32.DLL
0x00007ffbb91a0000 - 0x00007ffbb9514000 	C:\WINDOWS\System32\KERNELBASE.dll
0x00007ffbb8dc0000 - 0x00007ffbb8ed1000 	C:\WINDOWS\System32\ucrtbase.dll
0x00007ffb99c90000 - 0x00007ffb99ca8000 	C:\Users\Lautaro\.p2\pool\plugins\org.eclipse.justj.openjdk.hotspot.jre.full.win32.x86_64_15.0.2.v20210201-0955\jre\bin\jli.dll
0x00007ffb95230000 - 0x00007ffb95249000 	C:\Users\Lautaro\.p2\pool\plugins\org.eclipse.justj.openjdk.hotspot.jre.full.win32.x86_64_15.0.2.v20210201-0955\jre\bin\VCRUNTIME140.dll
0x00007ffbbaa70000 - 0x00007ffbbac1c000 	C:\WINDOWS\System32\USER32.dll
0x00007ffbb9170000 - 0x00007ffbb9196000 	C:\WINDOWS\System32\win32u.dll
0x00007ffb9d020000 - 0x00007ffb9d2c5000 	C:\WINDOWS\WinSxS\amd64_microsoft.windows.common-controls_6595b64144ccf1df_6.0.22000.120_none_9d947278b86cc467\COMCTL32.dll
0x00007ffbbb580000 - 0x00007ffbbb5a9000 	C:\WINDOWS\System32\GDI32.dll
0x00007ffbba760000 - 0x00007ffbba803000 	C:\WINDOWS\System32\msvcrt.dll
0x00007ffbb95e0000 - 0x00007ffbb96f2000 	C:\WINDOWS\System32\gdi32full.dll
0x00007ffbb9050000 - 0x00007ffbb90ed000 	C:\WINDOWS\System32\msvcp_win.dll
0x00007ffbb9ca0000 - 0x00007ffbb9cd1000 	C:\WINDOWS\System32\IMM32.DLL
0x00007ffbb57e0000 - 0x00007ffbb57ec000 	C:\Users\Lautaro\.p2\pool\plugins\org.eclipse.justj.openjdk.hotspot.jre.full.win32.x86_64_15.0.2.v20210201-0955\jre\bin\vcruntime140_1.dll
0x00007ffb87bf0000 - 0x00007ffb87c81000 	C:\Users\Lautaro\.p2\pool\plugins\org.eclipse.justj.openjdk.hotspot.jre.full.win32.x86_64_15.0.2.v20210201-0955\jre\bin\msvcp140.dll
0x00007ffb1c610000 - 0x00007ffb1d16e000 	C:\Users\Lautaro\.p2\pool\plugins\org.eclipse.justj.openjdk.hotspot.jre.full.win32.x86_64_15.0.2.v20210201-0955\jre\bin\server\jvm.dll
0x00007ffbba9c0000 - 0x00007ffbbaa6c000 	C:\WINDOWS\System32\ADVAPI32.dll
0x00007ffbbb5c0000 - 0x00007ffbbb65d000 	C:\WINDOWS\System32\sechost.dll
0x00007ffbba830000 - 0x00007ffbba951000 	C:\WINDOWS\System32\RPCRT4.dll
0x00007ffbb9ea0000 - 0x00007ffbb9ea8000 	C:\WINDOWS\System32\PSAPI.DLL
0x00007ffbb3ce0000 - 0x00007ffbb3d13000 	C:\WINDOWS\SYSTEM32\WINMM.dll
0x00007ffbb3110000 - 0x00007ffbb311a000 	C:\WINDOWS\SYSTEM32\VERSION.dll
0x00007ffb9b910000 - 0x00007ffb9b919000 	C:\WINDOWS\SYSTEM32\WSOCK32.dll
0x00007ffbbb0e0000 - 0x00007ffbbb14f000 	C:\WINDOWS\System32\WS2_32.dll
0x00007ffbb7ee0000 - 0x00007ffbb7ef8000 	C:\WINDOWS\SYSTEM32\kernel.appcore.dll
0x00007ffb9a310000 - 0x00007ffb9a31a000 	C:\Users\Lautaro\.p2\pool\plugins\org.eclipse.justj.openjdk.hotspot.jre.full.win32.x86_64_15.0.2.v20210201-0955\jre\bin\jimage.dll
0x00007ffbab4b0000 - 0x00007ffbab6d1000 	C:\WINDOWS\SYSTEM32\DBGHELP.DLL
0x00007ffbaaef0000 - 0x00007ffbaaf21000 	C:\WINDOWS\SYSTEM32\dbgcore.DLL
0x00007ffbb90f0000 - 0x00007ffbb9170000 	C:\WINDOWS\System32\bcryptPrimitives.dll
0x00007ffb99be0000 - 0x00007ffb99c05000 	C:\Users\Lautaro\.p2\pool\plugins\org.eclipse.justj.openjdk.hotspot.jre.full.win32.x86_64_15.0.2.v20210201-0955\jre\bin\java.dll

dbghelp: loaded successfully - version: 4.0.5 - missing functions: none
symbol engine: initialized successfully - sym options: 0x614 - pdb path: .;C:\Users\Lautaro\.p2\pool\plugins\org.eclipse.justj.openjdk.hotspot.jre.full.win32.x86_64_15.0.2.v20210201-0955\jre\bin;C:\WINDOWS\SYSTEM32;C:\WINDOWS\WinSxS\amd64_microsoft.windows.common-controls_6595b64144ccf1df_6.0.22000.120_none_9d947278b86cc467;C:\Users\Lautaro\.p2\pool\plugins\org.eclipse.justj.openjdk.hotspot.jre.full.win32.x86_64_15.0.2.v20210201-0955\jre\bin\server

VM Arguments:
jvm_args: -Dfile.encoding=Cp1252 -XX:+ShowCodeDetailsInExceptionMessages 
java_command: olimpiadas.GestorDeportistaNuevo
java_class_path (initial): C:\Users\Lautaro\eclipse-workspace\Entregable3\bin
Launcher Type: SUN_STANDARD

[Global flags]
     intx CICompilerCount                          = 4                                         {product} {ergonomic}
     uint ConcGCThreads                            = 2                                         {product} {ergonomic}
     uint G1ConcRefinementThreads                  = 8                                         {product} {ergonomic}
   size_t G1HeapRegionSize                         = 2097152                                   {product} {ergonomic}
    uintx GCDrainStackTargetSize                   = 64                                        {product} {ergonomic}
   size_t InitialHeapSize                          = 234881024                                 {product} {ergonomic}
   size_t MarkStackSize                            = 4194304                                   {product} {ergonomic}
   size_t MaxHeapSize                              = 3737124864                                {product} {ergonomic}
   size_t MinHeapDeltaBytes                        = 2097152                                   {product} {ergonomic}
   size_t MinHeapSize                              = 8388608                                   {product} {ergonomic}
    uintx NonNMethodCodeHeapSize                   = 5839372                                {pd product} {ergonomic}
    uintx NonProfiledCodeHeapSize                  = 122909434                              {pd product} {ergonomic}
    uintx ProfiledCodeHeapSize                     = 122909434                              {pd product} {ergonomic}
    uintx ReservedCodeCacheSize                    = 251658240                              {pd product} {ergonomic}
     bool SegmentedCodeCache                       = true                                      {product} {ergonomic}
     bool ShowCodeDetailsInExceptionMessages       = true                                   {manageable} {command line}
   size_t SoftMaxHeapSize                          = 3737124864                             {manageable} {ergonomic}
     bool UseCompressedClassPointers               = true                                 {lp64_product} {ergonomic}
     bool UseCompressedOops                        = true                                 {lp64_product} {ergonomic}
     bool UseG1GC                                  = true                                      {product} {ergonomic}
     bool UseLargePagesIndividualAllocation        = false                                  {pd product} {ergonomic}

Logging:
Log output configuration:
 #0: stdout all=warning uptime,level,tags
 #1: stderr all=off uptime,level,tags

Environment Variables:
PATH=C:/Users/Lautaro/.p2/pool/plugins/org.eclipse.justj.openjdk.hotspot.jre.full.win32.x86_64_15.0.2.v20210201-0955/jre/bin/server;C:/Users/Lautaro/.p2/pool/plugins/org.eclipse.justj.openjdk.hotspot.jre.full.win32.x86_64_15.0.2.v20210201-0955/jre/bin;C:\Program Files\Common Files\Oracle\Java\javapath;C:\Program Files (x86)\Common Files\Oracle\Java\javapath;C:\WINDOWS\system32;C:\WINDOWS;C:\WINDOWS\System32\Wbem;C:\WINDOWS\System32\WindowsPowerShell\v1.0\;C:\WINDOWS\System32\OpenSSH\;C:\Program Files\MySQL\MySQL Shell 8.0\bin\;C:\Users\Lautaro\AppData\Local\Microsoft\WindowsApps;;C:\Users\Lautaro\AppData\Local\Programs\Microsoft VS Code\bin;C:\WINDOWS\system32;
USERNAME=Lautaro
OS=Windows_NT
PROCESSOR_IDENTIFIER=AMD64 Family 23 Model 24 Stepping 1, AuthenticAMD



---------------  S Y S T E M  ---------------

OS:
 Windows 10 , 64 bit Build 22000 (10.0.22000.282)
OS uptime: 4 days 4:39 hours

CPU: total 8 (initial active 8) (8 cores per cpu, 2 threads per core) family 23 model 24 stepping 1 microcode 0x0, cmov, cx8, fxsr, mmx, sse, sse2, sse3, ssse3, sse4.1, sse4.2, popcnt, vzeroupper, avx, avx2, aes, clmul, 3dnowpref, lzcnt, sse4a, ht, tsc, tscinvbit, tscinv, bmi1, bmi2, adx, sha, fma, clflush, clflushopt

Memory: 4k page, system-wide physical 14250M (3480M free)
TotalPageFile size 44625M (AvailPageFile size 40M)
current process WorkingSet (physical memory assigned to process): 10M, peak: 10M
current process commit charge ("private bytes"): 60M, peak: 284M

vm_info: OpenJDK 64-Bit Server VM (15.0.2+7-27) for windows-amd64 JRE (15.0.2+7-27), built on Dec  7 2020 20:02:38 by "mach5one" with unknown MS VC++:1925

END.
